<?xml version="1.0" encoding="UTF-8"?>
<!-- Generated by org.testng.reporters.JUnitXMLReporter -->
<testsuite hostname="DESKTOP-ML32JVN" name="Test_Cases_in_Firefox" tests="2" failures="1" timestamp="5 May 2018 20:16:16 GMT" time="54.043" errors="0">
  <testcase name="TestCase1" time="53.006" classname="TestCases.TestCases">
    <failure type="java.lang.AssertionError" message="Down Payment Value doesn&amp;apos;t match with the Actual entered Value expected [true] but found [false]">
      <![CDATA[java.lang.AssertionError: Down Payment Value doesn't match with the Actual entered Value expected [true] but found [false]
	at Action.OfferFrameAction.verifyDownPayment(OfferFrameAction.java:62)
	at TestCases.TestCases.TestCase1(TestCases.java:42)
... Removed 27 stack frames]]>
    </failure>
  </testcase> <!-- TestCase1 -->
  <testcase name="TestCase2" time="0.001" classname="TestCases.TestCases">
    <skipped/>
  </testcase> <!-- TestCase2 -->
</testsuite> <!-- Test_Cases_in_Firefox -->
