<?xml version="1.0" encoding="UTF-8"?>
<testng-results skipped="1" failed="1" total="4" passed="2">
  <reporter-output>
  </reporter-output>
  <suite name="Cox_Auto_Assignment" duration-ms="87403" started-at="2018-05-07T12:25:29Z" finished-at="2018-05-07T12:26:56Z">
    <groups>
    </groups>
    <test name="Test_Cases_in_Chrome" duration-ms="44126" started-at="2018-05-07T12:25:29Z" finished-at="2018-05-07T12:26:13Z">
      <class name="TestCases.TestCases">
        <test-method status="PASS" signature="TestCase1(java.lang.String)[pri:0, instance:TestCases.TestCases@735b5592]" name="TestCase1" duration-ms="37458" started-at="2018-05-07T08:25:29Z" description="This Test Case will verify the User offer has correct Down Payment value and the User form is sent to Dealer" finished-at="2018-05-07T08:26:06Z">
          <params>
            <param index="0">
              <value>
                <![CDATA[chrome]]>
              </value>
            </param>
          </params>
          <reporter-output>
          </reporter-output>
        </test-method> <!-- TestCase1 -->
        <test-method status="PASS" signature="TestCase2()[pri:0, instance:TestCases.TestCases@735b5592]" name="TestCase2" duration-ms="5429" started-at="2018-05-07T08:26:06Z" description="This test case verify if the User offer is successfully sent and &#039;Protect your Vehicle&#039; page is displayed" depends-on-methods="TestCases.TestCases.TestCase1" finished-at="2018-05-07T08:26:12Z">
          <reporter-output>
          </reporter-output>
        </test-method> <!-- TestCase2 -->
        <test-method status="PASS" signature="tearDown()[pri:0, instance:TestCases.TestCases@735b5592]" name="tearDown" is-config="true" duration-ms="1179" started-at="2018-05-07T08:26:12Z" finished-at="2018-05-07T08:26:13Z">
          <reporter-output>
          </reporter-output>
        </test-method> <!-- tearDown -->
      </class> <!-- TestCases.TestCases -->
    </test> <!-- Test_Cases_in_Chrome -->
    <test name="Test_Cases_in_Firefox" duration-ms="43230" started-at="2018-05-07T12:26:13Z" finished-at="2018-05-07T12:26:56Z">
      <class name="TestCases.TestCases">
        <test-method status="FAIL" signature="TestCase1(java.lang.String)[pri:0, instance:TestCases.TestCases@523884b2]" name="TestCase1" duration-ms="35823" started-at="2018-05-07T08:26:13Z" description="This Test Case will verify the User offer has correct Down Payment value and the User form is sent to Dealer" finished-at="2018-05-07T08:26:49Z">
          <params>
            <param index="0">
              <value>
                <![CDATA[firefox]]>
              </value>
            </param>
          </params>
          <exception class="java.lang.AssertionError">
            <message>
              <![CDATA[Down Payment Value doesn't match with the Actual entered Value expected [true] but found [false]]]>
            </message>
            <full-stacktrace>
              <![CDATA[java.lang.AssertionError: Down Payment Value doesn't match with the Actual entered Value expected [true] but found [false]
	at org.testng.Assert.fail(Assert.java:94)
	at org.testng.Assert.failNotEquals(Assert.java:494)
	at org.testng.Assert.assertTrue(Assert.java:42)
	at Action.OfferFrameAction.verifyDownPayment(OfferFrameAction.java:67)
	at TestCases.TestCases.TestCase1(TestCases.java:37)
	at sun.reflect.NativeMethodAccessorImpl.invoke0(Native Method)
	at sun.reflect.NativeMethodAccessorImpl.invoke(Unknown Source)
	at sun.reflect.DelegatingMethodAccessorImpl.invoke(Unknown Source)
	at java.lang.reflect.Method.invoke(Unknown Source)
	at org.testng.internal.MethodInvocationHelper.invokeMethod(MethodInvocationHelper.java:80)
	at org.testng.internal.Invoker.invokeMethod(Invoker.java:714)
	at org.testng.internal.Invoker.invokeTestMethod(Invoker.java:901)
	at org.testng.internal.Invoker.invokeTestMethods(Invoker.java:1231)
	at org.testng.internal.TestMethodWorker.invokeTestMethods(TestMethodWorker.java:127)
	at org.testng.internal.TestMethodWorker.run(TestMethodWorker.java:111)
	at org.testng.TestRunner.privateRun(TestRunner.java:767)
	at org.testng.TestRunner.run(TestRunner.java:617)
	at org.testng.SuiteRunner.runTest(SuiteRunner.java:334)
	at org.testng.SuiteRunner.runSequentially(SuiteRunner.java:329)
	at org.testng.SuiteRunner.privateRun(SuiteRunner.java:291)
	at org.testng.SuiteRunner.run(SuiteRunner.java:240)
	at org.testng.SuiteRunnerWorker.runSuite(SuiteRunnerWorker.java:52)
	at org.testng.SuiteRunnerWorker.run(SuiteRunnerWorker.java:86)
	at org.testng.TestNG.runSuitesSequentially(TestNG.java:1198)
	at org.testng.TestNG.runSuitesLocally(TestNG.java:1123)
	at org.testng.TestNG.run(TestNG.java:1031)
	at org.testng.remote.AbstractRemoteTestNG.run(AbstractRemoteTestNG.java:114)
	at org.testng.remote.RemoteTestNG.initAndRun(RemoteTestNG.java:251)
	at org.testng.remote.RemoteTestNG.main(RemoteTestNG.java:77)
]]>
            </full-stacktrace>
          </exception> <!-- java.lang.AssertionError -->
          <reporter-output>
          </reporter-output>
        </test-method> <!-- TestCase1 -->
        <test-method status="PASS" signature="tearDown()[pri:0, instance:TestCases.TestCases@523884b2]" name="tearDown" is-config="true" duration-ms="7392" started-at="2018-05-07T08:26:49Z" finished-at="2018-05-07T08:26:56Z">
          <reporter-output>
          </reporter-output>
        </test-method> <!-- tearDown -->
        <test-method status="SKIP" signature="TestCase2()[pri:0, instance:TestCases.TestCases@523884b2]" name="TestCase2" duration-ms="0" started-at="2018-05-07T08:26:49Z" description="This test case verify if the User offer is successfully sent and &#039;Protect your Vehicle&#039; page is displayed" depends-on-methods="TestCases.TestCases.TestCase1" finished-at="2018-05-07T08:26:49Z">
          <reporter-output>
          </reporter-output>
        </test-method> <!-- TestCase2 -->
      </class> <!-- TestCases.TestCases -->
    </test> <!-- Test_Cases_in_Firefox -->
  </suite> <!-- Cox_Auto_Assignment -->
</testng-results>
